<?xml version="1.0" encoding="UTF-8"?>
<testng-results ignored="0" total="1" passed="1" failed="0" skipped="0">
  <reporter-output>
  </reporter-output>
  <suite started-at="2018-12-04T06:10:58Z" name="Default suite" finished-at="2018-12-04T06:11:44Z" duration-ms="46452">
    <groups>
    </groups>
    <test started-at="2018-12-04T06:10:58Z" name="Default test" finished-at="2018-12-04T06:11:44Z" duration-ms="46452">
      <class name="Test_Ng_Class">
        <test-method signature="login_method()[pri:0, instance:Test_Ng_Class@4470f8a6]" started-at="2018-12-04T06:10:58Z" name="login_method" finished-at="2018-12-04T06:11:44Z" duration-ms="46399" status="PASS">
          <reporter-output>
          </reporter-output>
        </test-method> <!-- login_method -->
      </class> <!-- Test_Ng_Class -->
    </test> <!-- Default test -->
  </suite> <!-- Default suite -->
</testng-results>
